<?xml version="1.0" encoding="utf-8" standalone="no"?>
<test-results xmlns:xsi="http://www.w3.org/2001/XMLSchema-instance" xsi:noNamespaceSchemaLocation="nunit_schema_2.5.xsd" name="Pester" total="60" errors="0" failures="0" not-run="0" inconclusive="0" ignored="0" skipped="0" invalid="0" date="2023-02-03" time="14:43:17">
  <environment cwd="C:\Users\MikeCampbell\GitRepos\PSModules\OGraph" clr-version="Unknown" nunit-version="2.5.8.0" machine-name="DESKTOP-BJGVDKF" platform="Microsoft Windows 10 Enterprise|C:\Windows|\Device\Harddisk0\Partition3" user="MikeCampbell" os-version="10.0.19045" user-domain="AzureAD" />
  <culture-info current-culture="en-US" current-uiculture="en-US" />
  <test-suite type="TestFixture" name="Pester" executed="True" result="Success" success="True" time="5.395" asserts="0" description="Pester">
    <results>
      <test-suite type="TestFixture" name="C:\Users\MikeCampbell\GitRepos\PSModules\OGraph\tests\Help.Tests.ps1" executed="True" result="Success" success="True" time="1.6673" asserts="0" description="C:\Users\MikeCampbell\GitRepos\PSModules\OGraph\tests\Help.Tests.ps1">
        <results>
          <test-suite type="TestFixture" name="Public commands in OGraph have comment-based or external help" executed="True" result="Success" success="True" time="0.9334" asserts="0" description="Public commands in OGraph have comment-based or external help">
            <results>
              <test-suite type="TestFixture" name="Connect-OGGraph" executed="True" result="Success" success="True" time="0.3444" asserts="0" description="Connect-OGGraph">
                <results>
                  <test-case description="Should have a Description or Synopsis" name="Public commands in OGraph have comment-based or external help.Connect-OGGraph.Should have a Description or Synopsis" time="0.0391" asserts="0" success="True" result="Success" executed="True" />
                  <test-case description="Should have an Example" name="Public commands in OGraph have comment-based or external help.Connect-OGGraph.Should have an Example" time="0.0325" asserts="0" success="True" result="Success" executed="True" />
                  <test-case description="Should have a Description for Parameter [ApplicationID]" name="Public commands in OGraph have comment-based or external help.Connect-OGGraph.Should have a Description for Parameter [ApplicationID]" time="0.0112" asserts="0" success="True" result="Success" executed="True" />
                  <test-case description="Should have a Description for Parameter [TenantId]" name="Public commands in OGraph have comment-based or external help.Connect-OGGraph.Should have a Description for Parameter [TenantId]" time="0.0011" asserts="0" success="True" result="Success" executed="True" />
                  <test-case description="Should have a Description for Parameter [AccessSecret]" name="Public commands in OGraph have comment-based or external help.Connect-OGGraph.Should have a Description for Parameter [AccessSecret]" time="0.001" asserts="0" success="True" result="Success" executed="True" />
                  <test-case description="Should have a Description for Parameter [CertificateThumbprint]" name="Public commands in OGraph have comment-based or external help.Connect-OGGraph.Should have a Description for Parameter [CertificateThumbprint]" time="0.001" asserts="0" success="True" result="Success" executed="True" />
                  <test-case description="Should have a Description for Parameter [Online]" name="Public commands in OGraph have comment-based or external help.Connect-OGGraph.Should have a Description for Parameter [Online]" time="0.0009" asserts="0" success="True" result="Success" executed="True" />
                  <test-case description="Should have a Description for Parameter [Scope]" name="Public commands in OGraph have comment-based or external help.Connect-OGGraph.Should have a Description for Parameter [Scope]" time="0.0009" asserts="0" success="True" result="Success" executed="True" />
                  <test-case description="Should have a Description for Parameter [AccessToken]" name="Public commands in OGraph have comment-based or external help.Connect-OGGraph.Should have a Description for Parameter [AccessToken]" time="0.0009" asserts="0" success="True" result="Success" executed="True" />
                </results>
              </test-suite>
              <test-suite type="TestFixture" name="Get-OGGroup" executed="True" result="Success" success="True" time="0.069" asserts="0" description="Get-OGGroup">
                <results>
                  <test-case description="Should have a Description or Synopsis" name="Public commands in OGraph have comment-based or external help.Get-OGGroup.Should have a Description or Synopsis" time="0.0013" asserts="0" success="True" result="Success" executed="True" />
                  <test-case description="Should have an Example" name="Public commands in OGraph have comment-based or external help.Get-OGGroup.Should have an Example" time="0.003" asserts="0" success="True" result="Success" executed="True" />
                  <test-case description="Should have a Description for Parameter [GroupId]" name="Public commands in OGraph have comment-based or external help.Get-OGGroup.Should have a Description for Parameter [GroupId]" time="0.001" asserts="0" success="True" result="Success" executed="True" />
                  <test-case description="Should have a Description for Parameter [SearchDisplayName]" name="Public commands in OGraph have comment-based or external help.Get-OGGroup.Should have a Description for Parameter [SearchDisplayName]" time="0.0009" asserts="0" success="True" result="Success" executed="True" />
                  <test-case description="Should have a Description for Parameter [All]" name="Public commands in OGraph have comment-based or external help.Get-OGGroup.Should have a Description for Parameter [All]" time="0.0009" asserts="0" success="True" result="Success" executed="True" />
                  <test-case description="Should have a Description for Parameter [Property]" name="Public commands in OGraph have comment-based or external help.Get-OGGroup.Should have a Description for Parameter [Property]" time="0.0009" asserts="0" success="True" result="Success" executed="True" />
                </results>
              </test-suite>
              <test-suite type="TestFixture" name="Get-OGGroupLicense" executed="True" result="Success" success="True" time="0.0578" asserts="0" description="Get-OGGroupLicense">
                <results>
                  <test-case description="Should have a Description or Synopsis" name="Public commands in OGraph have comment-based or external help.Get-OGGroupLicense.Should have a Description or Synopsis" time="0.0013" asserts="0" success="True" result="Success" executed="True" />
                  <test-case description="Should have an Example" name="Public commands in OGraph have comment-based or external help.Get-OGGroupLicense.Should have an Example" time="0.0031" asserts="0" success="True" result="Success" executed="True" />
                  <test-case description="Should have a Description for Parameter [GroupId]" name="Public commands in OGraph have comment-based or external help.Get-OGGroupLicense.Should have a Description for Parameter [GroupId]" time="0.0012" asserts="0" success="True" result="Success" executed="True" />
                </results>
              </test-suite>
              <test-suite type="TestFixture" name="Get-OGGroupLicenseReport" executed="True" result="Success" success="True" time="0.0683" asserts="0" description="Get-OGGroupLicenseReport">
                <results>
                  <test-case description="Should have a Description or Synopsis" name="Public commands in OGraph have comment-based or external help.Get-OGGroupLicenseReport.Should have a Description or Synopsis" time="0.0013" asserts="0" success="True" result="Success" executed="True" />
                  <test-case description="Should have an Example" name="Public commands in OGraph have comment-based or external help.Get-OGGroupLicenseReport.Should have an Example" time="0.0032" asserts="0" success="True" result="Success" executed="True" />
                  <test-case description="Should have a Description for Parameter [GroupId]" name="Public commands in OGraph have comment-based or external help.Get-OGGroupLicenseReport.Should have a Description for Parameter [GroupId]" time="0.001" asserts="0" success="True" result="Success" executed="True" />
                  <test-case description="Should have a Description for Parameter [All]" name="Public commands in OGraph have comment-based or external help.Get-OGGroupLicenseReport.Should have a Description for Parameter [All]" time="0.0009" asserts="0" success="True" result="Success" executed="True" />
                </results>
              </test-suite>
              <test-suite type="TestFixture" name="Get-OGSku" executed="True" result="Success" success="True" time="0.0544" asserts="0" description="Get-OGSku">
                <results>
                  <test-case description="Should have a Description or Synopsis" name="Public commands in OGraph have comment-based or external help.Get-OGSku.Should have a Description or Synopsis" time="0.0013" asserts="0" success="True" result="Success" executed="True" />
                  <test-case description="Should have an Example" name="Public commands in OGraph have comment-based or external help.Get-OGSku.Should have an Example" time="0.0031" asserts="0" success="True" result="Success" executed="True" />
                </results>
              </test-suite>
              <test-suite type="TestFixture" name="Get-OGUserSku" executed="True" result="Success" success="True" time="0.0715" asserts="0" description="Get-OGUserSku">
                <results>
                  <test-case description="Should have a Description or Synopsis" name="Public commands in OGraph have comment-based or external help.Get-OGUserSku.Should have a Description or Synopsis" time="0.0014" asserts="0" success="True" result="Success" executed="True" />
                  <test-case description="Should have an Example" name="Public commands in OGraph have comment-based or external help.Get-OGUserSku.Should have an Example" time="0.0035" asserts="0" success="True" result="Success" executed="True" />
                  <test-case description="Should have a Description for Parameter [UserPrincipalName]" name="Public commands in OGraph have comment-based or external help.Get-OGUserSku.Should have a Description for Parameter [UserPrincipalName]" time="0.0012" asserts="0" success="True" result="Success" executed="True" />
                </results>
              </test-suite>
              <test-suite type="TestFixture" name="Set-OGGraphVersion" executed="True" result="Success" success="True" time="0.0997" asserts="0" description="Set-OGGraphVersion">
                <results>
                  <test-case description="Should have a Description or Synopsis" name="Public commands in OGraph have comment-based or external help.Set-OGGraphVersion.Should have a Description or Synopsis" time="0.0014" asserts="0" success="True" result="Success" executed="True" />
                  <test-case description="Should have an Example" name="Public commands in OGraph have comment-based or external help.Set-OGGraphVersion.Should have an Example" time="0.0154" asserts="0" success="True" result="Success" executed="True" />
                  <test-case description="Should have a Description for Parameter [Beta]" name="Public commands in OGraph have comment-based or external help.Set-OGGraphVersion.Should have a Description for Parameter [Beta]" time="0.0016" asserts="0" success="True" result="Success" executed="True" />
                  <test-case description="Should have a Description for Parameter [v1]" name="Public commands in OGraph have comment-based or external help.Set-OGGraphVersion.Should have a Description for Parameter [v1]" time="0.0012" asserts="0" success="True" result="Success" executed="True" />
                </results>
              </test-suite>
            </results>
          </test-suite>
        </results>
      </test-suite>
      <test-suite type="TestFixture" name="C:\Users\MikeCampbell\GitRepos\PSModules\OGraph\tests\Module.Tests.ps1" executed="True" result="Success" success="True" time="0.2185" asserts="0" description="C:\Users\MikeCampbell\GitRepos\PSModules\OGraph\tests\Module.Tests.ps1">
        <results>
          <test-suite type="TestFixture" name="OGraph Unit Tests" executed="True" result="Success" success="True" time="0.1067" asserts="0" description="OGraph Unit Tests">
            <results>
              <test-suite type="TestFixture" name="Validate Top Level Files" executed="True" result="Success" success="True" time="0.07" asserts="0" description="Validate Top Level Files">
                <results>
                  <test-case description="Should contain expected files OGraph.psd1, OGraph.psm1" name="OGraph Unit Tests.Validate Top Level Files.Should contain expected files OGraph.psd1, OGraph.psm1" time="0.0183" asserts="0" success="True" result="Success" executed="True" />
                </results>
              </test-suite>
            </results>
          </test-suite>
          <test-suite type="TestFixture" name="OGraph Project Unit Tests" executed="True" result="Success" success="True" time="0.0988" asserts="0" description="OGraph Project Unit Tests">
            <results>
              <test-suite type="TestFixture" name="Validate Top Level Files" executed="True" result="Success" success="True" time="0.0596" asserts="0" description="Validate Top Level Files">
                <results>
                  <test-case description="Should contain expected files README.md, license, ScriptAnalyzerSettings.psd1" name="OGraph Project Unit Tests.Validate Top Level Files.Should contain expected files README.md, license, ScriptAnalyzerSettings.psd1" time="0.0024" asserts="0" success="True" result="Success" executed="True" />
                </results>
              </test-suite>
            </results>
          </test-suite>
        </results>
      </test-suite>
      <test-suite type="TestFixture" name="C:\Users\MikeCampbell\GitRepos\PSModules\OGraph\tests\Pester.Tests.ps1" executed="True" result="Success" success="True" time="0.0526" asserts="0" description="C:\Users\MikeCampbell\GitRepos\PSModules\OGraph\tests\Pester.Tests.ps1">
        <results />
      </test-suite>
      <test-suite type="TestFixture" name="C:\Users\MikeCampbell\GitRepos\PSModules\OGraph\tests\ScriptAnalyzer.Tests.ps1" executed="True" result="Success" success="True" time="3.4565" asserts="0" description="C:\Users\MikeCampbell\GitRepos\PSModules\OGraph\tests\ScriptAnalyzer.Tests.ps1">
        <results>
          <test-suite type="TestFixture" name="All commands pass PSScriptAnalyzer rules" executed="True" result="Success" success="True" time="3.4477" asserts="0" description="All commands pass PSScriptAnalyzer rules">
            <results>
              <test-suite type="TestFixture" name="C:\Users\MikeCampbell\GitRepos\PSModules\OGraph\OGraph\functions\Add-OGGroupMember.ps1" executed="True" result="Success" success="True" time="1.1433" asserts="0" description="C:\Users\MikeCampbell\GitRepos\PSModules\OGraph\OGraph\functions\Add-OGGroupMember.ps1">
                <results>
                  <test-case description="Should not fail any rules" name="All commands pass PSScriptAnalyzer rules.C:\Users\MikeCampbell\GitRepos\PSModules\OGraph\OGraph\functions\Add-OGGroupMember.ps1.Should not fail any rules" time="0.0035" asserts="0" success="True" result="Success" executed="True" />
                </results>
              </test-suite>
              <test-suite type="TestFixture" name="C:\Users\MikeCampbell\GitRepos\PSModules\OGraph\OGraph\functions\Connect-OGGraph.ps1" executed="True" result="Success" success="True" time="0.0604" asserts="0" description="C:\Users\MikeCampbell\GitRepos\PSModules\OGraph\OGraph\functions\Connect-OGGraph.ps1">
                <results>
                  <test-case description="Should not fail any rules" name="All commands pass PSScriptAnalyzer rules.C:\Users\MikeCampbell\GitRepos\PSModules\OGraph\OGraph\functions\Connect-OGGraph.ps1.Should not fail any rules" time="0.0014" asserts="0" success="True" result="Success" executed="True" />
                </results>
              </test-suite>
              <test-suite type="TestFixture" name="C:\Users\MikeCampbell\GitRepos\PSModules\OGraph\OGraph\functions\Get-OGCalendar.ps1" executed="True" result="Success" success="True" time="0.1183" asserts="0" description="C:\Users\MikeCampbell\GitRepos\PSModules\OGraph\OGraph\functions\Get-OGCalendar.ps1">
                <results>
                  <test-case description="Should not fail any rules" name="All commands pass PSScriptAnalyzer rules.C:\Users\MikeCampbell\GitRepos\PSModules\OGraph\OGraph\functions\Get-OGCalendar.ps1.Should not fail any rules" time="0.0016" asserts="0" success="True" result="Success" executed="True" />
                </results>
              </test-suite>
              <test-suite type="TestFixture" name="C:\Users\MikeCampbell\GitRepos\PSModules\OGraph\OGraph\functions\Get-OGGroup.ps1" executed="True" result="Success" success="True" time="0.0546" asserts="0" description="C:\Users\MikeCampbell\GitRepos\PSModules\OGraph\OGraph\functions\Get-OGGroup.ps1">
                <results>
                  <test-case description="Should not fail any rules" name="All commands pass PSScriptAnalyzer rules.C:\Users\MikeCampbell\GitRepos\PSModules\OGraph\OGraph\functions\Get-OGGroup.ps1.Should not fail any rules" time="0.0014" asserts="0" success="True" result="Success" executed="True" />
                </results>
              </test-suite>
              <test-suite type="TestFixture" name="C:\Users\MikeCampbell\GitRepos\PSModules\OGraph\OGraph\functions\Get-OGGroupEvent.ps1" executed="True" result="Success" success="True" time="0.0502" asserts="0" description="C:\Users\MikeCampbell\GitRepos\PSModules\OGraph\OGraph\functions\Get-OGGroupEvent.ps1">
                <results>
                  <test-case description="Should not fail any rules" name="All commands pass PSScriptAnalyzer rules.C:\Users\MikeCampbell\GitRepos\PSModules\OGraph\OGraph\functions\Get-OGGroupEvent.ps1.Should not fail any rules" time="0.0013" asserts="0" success="True" result="Success" executed="True" />
                </results>
              </test-suite>
              <test-suite type="TestFixture" name="C:\Users\MikeCampbell\GitRepos\PSModules\OGraph\OGraph\functions\Get-OGGroupLicense.ps1" executed="True" result="Success" success="True" time="0.0522" asserts="0" description="C:\Users\MikeCampbell\GitRepos\PSModules\OGraph\OGraph\functions\Get-OGGroupLicense.ps1">
                <results>
                  <test-case description="Should not fail any rules" name="All commands pass PSScriptAnalyzer rules.C:\Users\MikeCampbell\GitRepos\PSModules\OGraph\OGraph\functions\Get-OGGroupLicense.ps1.Should not fail any rules" time="0.0022" asserts="0" success="True" result="Success" executed="True" />
                </results>
              </test-suite>
              <test-suite type="TestFixture" name="C:\Users\MikeCampbell\GitRepos\PSModules\OGraph\OGraph\functions\Get-OGGroupLicenseReport.ps1" executed="True" result="Success" success="True" time="0.3828" asserts="0" description="C:\Users\MikeCampbell\GitRepos\PSModules\OGraph\OGraph\functions\Get-OGGroupLicenseReport.ps1">
                <results>
                  <test-case description="Should not fail any rules" name="All commands pass PSScriptAnalyzer rules.C:\Users\MikeCampbell\GitRepos\PSModules\OGraph\OGraph\functions\Get-OGGroupLicenseReport.ps1.Should not fail any rules" time="0.004" asserts="0" success="True" result="Success" executed="True" />
                </results>
              </test-suite>
              <test-suite type="TestFixture" name="C:\Users\MikeCampbell\GitRepos\PSModules\OGraph\OGraph\functions\Get-OGGroupMember.ps1" executed="True" result="Success" success="True" time="0.0537" asserts="0" description="C:\Users\MikeCampbell\GitRepos\PSModules\OGraph\OGraph\functions\Get-OGGroupMember.ps1">
                <results>
                  <test-case description="Should not fail any rules" name="All commands pass PSScriptAnalyzer rules.C:\Users\MikeCampbell\GitRepos\PSModules\OGraph\OGraph\functions\Get-OGGroupMember.ps1.Should not fail any rules" time="0.0031" asserts="0" success="True" result="Success" executed="True" />
                </results>
              </test-suite>
              <test-suite type="TestFixture" name="C:\Users\MikeCampbell\GitRepos\PSModules\OGraph\OGraph\functions\Get-OGNextPage.ps1" executed="True" result="Success" success="True" time="0.1129" asserts="0" description="C:\Users\MikeCampbell\GitRepos\PSModules\OGraph\OGraph\functions\Get-OGNextPage.ps1">
                <results>
                  <test-case description="Should not fail any rules" name="All commands pass PSScriptAnalyzer rules.C:\Users\MikeCampbell\GitRepos\PSModules\OGraph\OGraph\functions\Get-OGNextPage.ps1.Should not fail any rules" time="0.0015" asserts="0" success="True" result="Success" executed="True" />
                </results>
              </test-suite>
              <test-suite type="TestFixture" name="C:\Users\MikeCampbell\GitRepos\PSModules\OGraph\OGraph\functions\Get-OGReadableSku.ps1" executed="True" result="Success" success="True" time="0.1192" asserts="0" description="C:\Users\MikeCampbell\GitRepos\PSModules\OGraph\OGraph\functions\Get-OGReadableSku.ps1">
                <results>
                  <test-case description="Should not fail any rules" name="All commands pass PSScriptAnalyzer rules.C:\Users\MikeCampbell\GitRepos\PSModules\OGraph\OGraph\functions\Get-OGReadableSku.ps1.Should not fail any rules" time="0.0016" asserts="0" success="True" result="Success" executed="True" />
                </results>
              </test-suite>
              <test-suite type="TestFixture" name="C:\Users\MikeCampbell\GitRepos\PSModules\OGraph\OGraph\functions\Get-OGSite.ps1" executed="True" result="Success" success="True" time="0.0519" asserts="0" description="C:\Users\MikeCampbell\GitRepos\PSModules\OGraph\OGraph\functions\Get-OGSite.ps1">
                <results>
                  <test-case description="Should not fail any rules" name="All commands pass PSScriptAnalyzer rules.C:\Users\MikeCampbell\GitRepos\PSModules\OGraph\OGraph\functions\Get-OGSite.ps1.Should not fail any rules" time="0.0014" asserts="0" success="True" result="Success" executed="True" />
                </results>
              </test-suite>
              <test-suite type="TestFixture" name="C:\Users\MikeCampbell\GitRepos\PSModules\OGraph\OGraph\functions\Get-OGSiteList.ps1" executed="True" result="Success" success="True" time="0.056" asserts="0" description="C:\Users\MikeCampbell\GitRepos\PSModules\OGraph\OGraph\functions\Get-OGSiteList.ps1">
                <results>
                  <test-case description="Should not fail any rules" name="All commands pass PSScriptAnalyzer rules.C:\Users\MikeCampbell\GitRepos\PSModules\OGraph\OGraph\functions\Get-OGSiteList.ps1.Should not fail any rules" time="0.0014" asserts="0" success="True" result="Success" executed="True" />
                </results>
              </test-suite>
              <test-suite type="TestFixture" name="C:\Users\MikeCampbell\GitRepos\PSModules\OGraph\OGraph\functions\Get-OGSiteListColumn.ps1" executed="True" result="Success" success="True" time="0.0519" asserts="0" description="C:\Users\MikeCampbell\GitRepos\PSModules\OGraph\OGraph\functions\Get-OGSiteListColumn.ps1">
                <results>
                  <test-case description="Should not fail any rules" name="All commands pass PSScriptAnalyzer rules.C:\Users\MikeCampbell\GitRepos\PSModules\OGraph\OGraph\functions\Get-OGSiteListColumn.ps1.Should not fail any rules" time="0.0014" asserts="0" success="True" result="Success" executed="True" />
                </results>
              </test-suite>
              <test-suite type="TestFixture" name="C:\Users\MikeCampbell\GitRepos\PSModules\OGraph\OGraph\functions\Get-OGSiteListItem.ps1" executed="True" result="Success" success="True" time="0.0568" asserts="0" description="C:\Users\MikeCampbell\GitRepos\PSModules\OGraph\OGraph\functions\Get-OGSiteListItem.ps1">
                <results>
                  <test-case description="Should not fail any rules" name="All commands pass PSScriptAnalyzer rules.C:\Users\MikeCampbell\GitRepos\PSModules\OGraph\OGraph\functions\Get-OGSiteListItem.ps1.Should not fail any rules" time="0.0014" asserts="0" success="True" result="Success" executed="True" />
                </results>
              </test-suite>
              <test-suite type="TestFixture" name="C:\Users\MikeCampbell\GitRepos\PSModules\OGraph\OGraph\functions\Get-OGSku.ps1" executed="True" result="Success" success="True" time="0.0491" asserts="0" description="C:\Users\MikeCampbell\GitRepos\PSModules\OGraph\OGraph\functions\Get-OGSku.ps1">
                <results>
                  <test-case description="Should not fail any rules" name="All commands pass PSScriptAnalyzer rules.C:\Users\MikeCampbell\GitRepos\PSModules\OGraph\OGraph\functions\Get-OGSku.ps1.Should not fail any rules" time="0.0014" asserts="0" success="True" result="Success" executed="True" />
                </results>
              </test-suite>
              <test-suite type="TestFixture" name="C:\Users\MikeCampbell\GitRepos\PSModules\OGraph\OGraph\functions\Get-OGUser.ps1" executed="True" result="Success" success="True" time="0.0526" asserts="0" description="C:\Users\MikeCampbell\GitRepos\PSModules\OGraph\OGraph\functions\Get-OGUser.ps1">
                <results>
                  <test-case description="Should not fail any rules" name="All commands pass PSScriptAnalyzer rules.C:\Users\MikeCampbell\GitRepos\PSModules\OGraph\OGraph\functions\Get-OGUser.ps1.Should not fail any rules" time="0.0014" asserts="0" success="True" result="Success" executed="True" />
                </results>
              </test-suite>
              <test-suite type="TestFixture" name="C:\Users\MikeCampbell\GitRepos\PSModules\OGraph\OGraph\functions\Get-OGUserDrive.ps1" executed="True" result="Success" success="True" time="0.0491" asserts="0" description="C:\Users\MikeCampbell\GitRepos\PSModules\OGraph\OGraph\functions\Get-OGUserDrive.ps1">
                <results>
                  <test-case description="Should not fail any rules" name="All commands pass PSScriptAnalyzer rules.C:\Users\MikeCampbell\GitRepos\PSModules\OGraph\OGraph\functions\Get-OGUserDrive.ps1.Should not fail any rules" time="0.0014" asserts="0" success="True" result="Success" executed="True" />
                </results>
              </test-suite>
              <test-suite type="TestFixture" name="C:\Users\MikeCampbell\GitRepos\PSModules\OGraph\OGraph\functions\Get-OGUserEvent.ps1" executed="True" result="Success" success="True" time="0.0516" asserts="0" description="C:\Users\MikeCampbell\GitRepos\PSModules\OGraph\OGraph\functions\Get-OGUserEvent.ps1">
                <results>
                  <test-case description="Should not fail any rules" name="All commands pass PSScriptAnalyzer rules.C:\Users\MikeCampbell\GitRepos\PSModules\OGraph\OGraph\functions\Get-OGUserEvent.ps1.Should not fail any rules" time="0.0013" asserts="0" success="True" result="Success" executed="True" />
                </results>
              </test-suite>
              <test-suite type="TestFixture" name="C:\Users\MikeCampbell\GitRepos\PSModules\OGraph\OGraph\functions\Get-OGUserSku.ps1" executed="True" result="Success" success="True" time="0.0502" asserts="0" description="C:\Users\MikeCampbell\GitRepos\PSModules\OGraph\OGraph\functions\Get-OGUserSku.ps1">
                <results>
                  <test-case description="Should not fail any rules" name="All commands pass PSScriptAnalyzer rules.C:\Users\MikeCampbell\GitRepos\PSModules\OGraph\OGraph\functions\Get-OGUserSku.ps1.Should not fail any rules" time="0.0015" asserts="0" success="True" result="Success" executed="True" />
                </results>
              </test-suite>
              <test-suite type="TestFixture" name="C:\Users\MikeCampbell\GitRepos\PSModules\OGraph\OGraph\functions\Remove-OGCalendar.ps1" executed="True" result="Success" success="True" time="0.1221" asserts="0" description="C:\Users\MikeCampbell\GitRepos\PSModules\OGraph\OGraph\functions\Remove-OGCalendar.ps1">
                <results>
                  <test-case description="Should not fail any rules" name="All commands pass PSScriptAnalyzer rules.C:\Users\MikeCampbell\GitRepos\PSModules\OGraph\OGraph\functions\Remove-OGCalendar.ps1.Should not fail any rules" time="0.0016" asserts="0" success="True" result="Success" executed="True" />
                </results>
              </test-suite>
              <test-suite type="TestFixture" name="C:\Users\MikeCampbell\GitRepos\PSModules\OGraph\OGraph\functions\Remove-OGGroupMember.ps1" executed="True" result="Success" success="True" time="0.0523" asserts="0" description="C:\Users\MikeCampbell\GitRepos\PSModules\OGraph\OGraph\functions\Remove-OGGroupMember.ps1">
                <results>
                  <test-case description="Should not fail any rules" name="All commands pass PSScriptAnalyzer rules.C:\Users\MikeCampbell\GitRepos\PSModules\OGraph\OGraph\functions\Remove-OGGroupMember.ps1.Should not fail any rules" time="0.0014" asserts="0" success="True" result="Success" executed="True" />
                </results>
              </test-suite>
              <test-suite type="TestFixture" name="C:\Users\MikeCampbell\GitRepos\PSModules\OGraph\OGraph\functions\Set-OGGraphVersion.ps1" executed="True" result="Success" success="True" time="0.0503" asserts="0" description="C:\Users\MikeCampbell\GitRepos\PSModules\OGraph\OGraph\functions\Set-OGGraphVersion.ps1">
                <results>
                  <test-case description="Should not fail any rules" name="All commands pass PSScriptAnalyzer rules.C:\Users\MikeCampbell\GitRepos\PSModules\OGraph\OGraph\functions\Set-OGGraphVersion.ps1.Should not fail any rules" time="0.0013" asserts="0" success="True" result="Success" executed="True" />
                </results>
              </test-suite>
              <test-suite type="TestFixture" name="C:\Users\MikeCampbell\GitRepos\PSModules\OGraph\OGraph\functions\Set-OGUser.ps1" executed="True" result="Success" success="True" time="0.0515" asserts="0" description="C:\Users\MikeCampbell\GitRepos\PSModules\OGraph\OGraph\functions\Set-OGUser.ps1">
                <results>
                  <test-case description="Should not fail any rules" name="All commands pass PSScriptAnalyzer rules.C:\Users\MikeCampbell\GitRepos\PSModules\OGraph\OGraph\functions\Set-OGUser.ps1.Should not fail any rules" time="0.0014" asserts="0" success="True" result="Success" executed="True" />
                </results>
              </test-suite>
              <test-suite type="TestFixture" name="C:\Users\MikeCampbell\GitRepos\PSModules\OGraph\OGraph\scripts\Initialize.ps1" executed="True" result="Success" success="True" time="0.0493" asserts="0" description="C:\Users\MikeCampbell\GitRepos\PSModules\OGraph\OGraph\scripts\Initialize.ps1">
                <results>
                  <test-case description="Should not fail any rules" name="All commands pass PSScriptAnalyzer rules.C:\Users\MikeCampbell\GitRepos\PSModules\OGraph\OGraph\scripts\Initialize.ps1.Should not fail any rules" time="0.0014" asserts="0" success="True" result="Success" executed="True" />
                </results>
              </test-suite>
              <test-suite type="TestFixture" name="C:\Users\MikeCampbell\GitRepos\PSModules\OGraph\OGraph\scripts\RunFunctions.ps1" executed="True" result="Success" success="True" time="0.0508" asserts="0" description="C:\Users\MikeCampbell\GitRepos\PSModules\OGraph\OGraph\scripts\RunFunctions.ps1">
                <results>
                  <test-case description="Should not fail any rules" name="All commands pass PSScriptAnalyzer rules.C:\Users\MikeCampbell\GitRepos\PSModules\OGraph\OGraph\scripts\RunFunctions.ps1.Should not fail any rules" time="0.0013" asserts="0" success="True" result="Success" executed="True" />
                </results>
              </test-suite>
              <test-suite type="TestFixture" name="C:\Users\MikeCampbell\GitRepos\PSModules\OGraph\OGraph\OGraph.psd1" executed="True" result="Success" success="True" time="0.3052" asserts="0" description="C:\Users\MikeCampbell\GitRepos\PSModules\OGraph\OGraph\OGraph.psd1">
                <results>
                  <test-case description="Should not fail any rules" name="All commands pass PSScriptAnalyzer rules.C:\Users\MikeCampbell\GitRepos\PSModules\OGraph\OGraph\OGraph.psd1.Should not fail any rules" time="0.0018" asserts="0" success="True" result="Success" executed="True" />
                </results>
              </test-suite>
              <test-suite type="TestFixture" name="C:\Users\MikeCampbell\GitRepos\PSModules\OGraph\OGraph\OGraph.psm1" executed="True" result="Success" success="True" time="0.0515" asserts="0" description="C:\Users\MikeCampbell\GitRepos\PSModules\OGraph\OGraph\OGraph.psm1">
                <results>
                  <test-case description="Should not fail any rules" name="All commands pass PSScriptAnalyzer rules.C:\Users\MikeCampbell\GitRepos\PSModules\OGraph\OGraph\OGraph.psm1.Should not fail any rules" time="0.0013" asserts="0" success="True" result="Success" executed="True" />
                </results>
              </test-suite>
            </results>
          </test-suite>
        </results>
      </test-suite>
    </results>
  </test-suite>
</test-results>